This is pdfTeX, Version 3.14159265-2.6-1.40.20 (TeX Live 2019/Debian) (preloaded format=pdflatex 2021.6.22)  5 JUL 2021 23:06
entering extended mode
 restricted \write18 enabled.
 %&-line parsing enabled.
**main.tex
(./main.tex
LaTeX2e <2020-02-02> patch level 2
L3 programming layer <2020-02-14>
(/usr/share/texlive/texmf-dist/tex/latex/abntex2/abntex2.cls
Document Class: abntex2 2018/11/24 v-1.9.7 abnTeX2
(/usr/share/texlive/texmf-dist/tex/latex/base/ifthen.sty
Package: ifthen 2014/09/29 v1.1c Standard LaTeX ifthen package (DPC)
)
(/usr/share/texlive/texmf-dist/tex/latex/memoir/memoir.cls
Document Class: memoir 2019/11/21 v3.7j configurable book, report, article docu
ment class
\onelineskip=\skip47
\lxvchars=\skip48
\xlvchars=\skip49
\@memcnta=\count167
\c@@memmarkcntra=\count168
LaTeX Info: Redefining \InputIfFileExists on input line 140.
(/usr/share/texlive/texmf-dist/tex/generic/iftex/iftex.sty
Package: iftex 2019/11/07 v1.0c TeX engine tests
)
\stockheight=\skip50
\stockwidth=\skip51
\trimtop=\skip52
\trimedge=\skip53

(/usr/share/texlive/texmf-dist/tex/latex/memoir/mem11.clo
File: mem11.clo 2008/01/30 v0.3 memoir class 11pt size option
)
\binding=\skip54
\spinemargin=\skip55
\foremargin=\skip56
\uppermargin=\skip57
\lowermargin=\skip58
\headdrop=\skip59
\normalrulethickness=\skip60
\mem@maxheadheight=\skip61
\mem@maxfootheight=\skip62
\headwidth=\skip63
\c@storedpagenumber=\count169
\memPD=\dimen134
\m@mabparskip=\skip64
\thanksmarkwidth=\skip65
\thanksmarksep=\skip66
\droptitle=\skip67
\c@book=\count170
\c@part=\count171
\c@chapter=\count172
\c@section=\count173
\c@subsection=\count174
\c@subsubsection=\count175
\c@paragraph=\count176
\c@subparagraph=\count177
\beforechapskip=\skip68
\midchapskip=\skip69
\afterchapskip=\skip70
\chapindent=\skip71
\bottomsectionskip=\skip72
\secindent=\skip73
\beforesecskip=\skip74
\aftersecskip=\skip75
\subsecindent=\skip76
\beforesubsecskip=\skip77
\aftersubsecskip=\skip78
\subsubsecindent=\skip79
\beforesubsubsecskip=\skip80
\aftersubsubsecskip=\skip81
\paraindent=\skip82
\beforeparaskip=\skip83
\afterparaskip=\skip84
\subparaindent=\skip85
\beforesubparaskip=\skip86
\aftersubparaskip=\skip87
\pfbreakskip=\skip88
\c@@ppsavesec=\count178
\c@@ppsaveapp=\count179
\ragrparindent=\dimen135
\everylistparindent=\dimen136
\parsepi=\skip89
\topsepi=\skip90
\itemsepi=\skip91
\parsepii=\skip92
\topsepii=\skip93
\topsepiii=\skip94
\itemsepii=\skip95
\itemsepiii=\skip96
\partopsepii=\skip97
\partopsepiii=\skip98
\m@msavetopsep=\skip99
\m@msavepartopsep=\skip100
\@enLab=\toks14
\abstitleskip=\skip101
\absleftindent=\skip102
\abs@leftindent=\dimen137
\absrightindent=\skip103
\absparindent=\skip104
\absparsep=\skip105
\c@vslineno=\count180
\c@poemline=\count181
\c@modulo@vs=\count182
\c@memfvsline=\count183
\vleftskip=\skip106
\vrightskip=\skip107
\stanzaskip=\skip108
\versewidth=\skip109
\vgap=\skip110
\vindent=\skip111
\vleftmargin=\dimen138
\c@verse=\count184
\c@chrsinstr=\count185
\beforepoemtitleskip=\skip112
\afterpoemtitleskip=\skip113
\c@poem=\count186
\beforePoemTitleskip=\skip114
\midPoemTitleskip=\skip115
\afterPoemTitleskip=\skip116

(/usr/share/texlive/texmf-dist/tex/latex/tools/array.sty
Package: array 2019/08/31 v2.4l Tabular extension package (FMi)
\col@sep=\dimen139
\ar@mcellbox=\box45
\extrarowheight=\dimen140
\NC@list=\toks15
\extratabsurround=\skip117
\backup@length=\skip118
\ar@cellbox=\box46
)
(/usr/share/texlive/texmf-dist/tex/latex/tools/dcolumn.sty
Package: dcolumn 2014/10/28 v1.06 decimal alignment package (DPC)
)
(/usr/share/texlive/texmf-dist/tex/latex/tools/delarray.sty
Package: delarray 2014/10/28 v1.01 array delimiter package (DPC)
)
(/usr/share/texlive/texmf-dist/tex/latex/tools/tabularx.sty
Package: tabularx 2020/01/15 v2.11c `tabularx' package (DPC)
\TX@col@width=\dimen141
\TX@old@table=\dimen142
\TX@old@col=\dimen143
\TX@target=\dimen144
\TX@delta=\dimen145
\TX@cols=\count187
\TX@ftn=\toks16
)
\heavyrulewidth=\dimen146
\lightrulewidth=\dimen147
\cmidrulewidth=\dimen148
\belowrulesep=\dimen149
\belowbottomsep=\dimen150
\aboverulesep=\dimen151
\abovetopsep=\dimen152
\cmidrulesep=\dimen153
\cmidrulekern=\dimen154
\defaultaddspace=\dimen155
\@cmidla=\count188
\@cmidlb=\count189
\@aboverulesep=\dimen156
\@belowrulesep=\dimen157
\@thisruleclass=\count190
\@lastruleclass=\count191
\@thisrulewidth=\dimen158
\ctableftskip=\skip119
\ctabrightskip=\skip120
\abovecolumnspenalty=\count192
\@linestogo=\count193
\@cellstogo=\count194
\@cellsincolumn=\count195
\crtok=\toks17
\@mincolumnwidth=\dimen159
\c@newflo@tctr=\count196
\mem@margin@floatbox=\box47
\@contcwidth=\skip121
\@contindw=\skip122
\abovecaptionskip=\skip123
\belowcaptionskip=\skip124
\subfloattopskip=\skip125
\subfloatcapskip=\skip126
\subfloatcaptopadj=\skip127
\subfloatbottomskip=\skip128
\subfloatlabelskip=\skip129
\subfloatcapmargin=\dimen160
\c@@contsubnum=\count197
\m@mscap@capbox=\box48
\m@mscap@fbox=\box49
\sidecapsep=\dimen161
\sidecapwidth=\dimen162
\m@m@tempdima=\dimen163
\m@mscapraise=\dimen164
\sidecapraise=\dimen165
\m@mscapmainwidth=\dimen166
\m@mscaplkern=\dimen167
\beforeepigraphskip=\skip130
\afterepigraphskip=\skip131
\epigraphwidth=\skip132
\epigraphrule=\skip133
LaTeX Info: Redefining \em on input line 7662.
LaTeX Info: Redefining \emph on input line 7670.
\tocentryskip=\skip134
\tocbaseline=\skip135
\cftparskip=\skip136
\cftbeforebookskip=\skip137
\cftbookindent=\dimen168
\cftbooknumwidth=\dimen169
\cftbeforepartskip=\skip138
\cftpartindent=\skip139
\cftpartnumwidth=\skip140
\cftbeforechapterskip=\skip141
\cftchapterindent=\skip142
\cftchapternumwidth=\skip143
\cftbeforesectionskip=\skip144
\cftsectionindent=\skip145
\cftsectionnumwidth=\skip146
\cftbeforesubsectionskip=\skip147
\cftsubsectionindent=\skip148
\cftsubsectionnumwidth=\skip149
\cftbeforesubsubsectionskip=\skip150
\cftsubsubsectionindent=\skip151
\cftsubsubsectionnumwidth=\skip152
\cftbeforeparagraphskip=\skip153
\cftparagraphindent=\skip154
\cftparagraphnumwidth=\skip155
\cftbeforesubparagraphskip=\skip156
\cftsubparagraphindent=\skip157
\cftsubparagraphnumwidth=\skip158
\prechapterprecisshift=\dimen170
\c@maxsecnumdepth=\count198
\bibindent=\dimen171
\bibitemsep=\skip159
\indexcolsep=\skip160
\indexrule=\skip161
\indexmarkstyle=\toks18
\@indexbox=\insert199
\glossarycolsep=\dimen172
\glossaryrule=\dimen173
\sideparvshift=\skip162
\sideins=\insert252
\sidebartopsep=\skip163
\sidebarhsep=\skip164
\sidebarvsep=\skip165
\sidebarwidth=\skip166
\footmarkwidth=\skip167
\footmarksep=\skip168
\footparindent=\skip169
\footinsdim=\skip170
\footinsv@r=\insert251
\@mpfootinsv@r=\insert250
\m@m@k=\count266
\m@m@h=\dimen174
\m@mipn@skip=\skip171
\sidefootins=\insert249
\sidefootadjust=\skip172
\sidefootheight=\skip173
\sidefoothsep=\skip174
\sidefootvsep=\skip175
\sidefootwidth=\skip176
\m@mdownsf=\skip177
\c@sidefootnote=\count267
\sidefootmarkwidth=\skip178
\sidefootmarksep=\skip179
\sidefootparindent=\skip180
\c@pagenote=\count268
\c@pagenoteshadow=\count269
\mem@pn@lastkern=\skip181
\every@verbatim=\toks19
\afterevery@verbatim=\toks20
\verbatim@line=\toks21
\tab@position=\count270
\verbatim@in@stream=\read2
\verbatimindent=\skip182
\verbatim@out=\write3
\bvboxsep=\skip183
\c@memfbvline=\count271
\c@bvlinectr=\count272
\bvnumlength=\skip184
\fb@frw=\dimen175
\fb@frh=\dimen176
\FrameRule=\dimen177
\FrameSep=\dimen178
\c@cp@cntr=\count273
LaTeX Info: Redefining \: on input line 12187.
LaTeX Info: Redefining \! on input line 12189.
\c@ism@mctr=\count274
\c@xsm@mctr=\count275
\c@csm@mctr=\count276
\c@ksm@mctr=\count277
\c@xksm@mctr=\count278
\c@cksm@mctr=\count279
\c@msm@mctr=\count280
\c@xmsm@mctr=\count281
\c@cmsm@mctr=\count282
\c@bsm@mctr=\count283
\c@workm@mctr=\count284
\c@sheetsequence=\count285
\c@lastsheet=\count286
\c@lastpage=\count287

(/usr/share/texlive/texmf-dist/tex/latex/textcase/textcase.sty
Package: textcase 2019/09/14 v1.00 Text only upper/lower case changing (DPC)
)
\c@figure=\count288
\c@lofdepth=\count289
\cftbeforefigureskip=\skip185
\cftfigureindent=\skip186
\cftfigurenumwidth=\skip187
\c@table=\count290
\c@lotdepth=\count291
\cftbeforetableskip=\skip188
\cfttableindent=\skip189
\cfttablenumwidth=\skip190
Package abstract [2008/07/23] emulated by memoir.
Package appendix [2008/07/23] emulated by memoir.
Package booktabs [2016/05/16] emulated by memoir.
Package ccaption [2008/07/23] emulated by memoir.
Package changepage [2008/07/23] emulated by memoir.
Package chngcntr [2008/07/23] emulated by memoir.
Package chngpage [2008/07/23] emulated by memoir.
Package crop emulated by memoir.
Package enumerate [2008/07/23] emulated by memoir.
Package epigraph [2008/07/23] emulated by memoir.
Package ifmtarg [2008/07/23] emulated by memoir.
Package index [2008/07/23] emulated by memoir.
Package makeidx [2008/07/23] emulated by memoir.
Package moreverb [2008/07/23] emulated by memoir.
Package mparhack [2008/07/23] emulated by memoir.
Package needspace [2008/07/23] emulated by memoir.
Package newfile [2008/07/23] emulated by memoir.
Package nextpage [2008/07/23] emulated by memoir.
Package pagenote [2008/07/23] emulated by memoir.
Package parskip [2008/07/23] emulated by memoir.
Package patchcmd [2008/07/23] emulated by memoir.
Package setspace [2008/07/23] emulated by memoir.
Package shortvrb [2008/07/23] emulated by memoir.
Package showidx [2008/07/23] emulated by memoir.
Package titleref [2008/07/23] emulated by memoir.
Package titling [2008/07/23] emulated by memoir.
Package tocbibind [2008/07/23] emulated by memoir.
Package tocloft [2008/07/23] emulated by memoir.
Package tocvsec2 [2008/07/23] emulated by memoir.
Package verbatim [2008/07/23] emulated by memoir.
Package verse [2008/07/23] emulated by memoir.
)
(/usr/share/texlive/texmf-dist/tex/latex/hyperref/hyperref.sty
Package: hyperref 2020/01/14 v7.00d Hypertext links for LaTeX

(/usr/share/texlive/texmf-dist/tex/generic/ltxcmds/ltxcmds.sty
Package: ltxcmds 2019/12/15 v1.24 LaTeX kernel commands for general use (HO)
)
(/usr/share/texlive/texmf-dist/tex/latex/pdftexcmds/pdftexcmds.sty
Package: pdftexcmds 2019/11/24 v0.31 Utility functions of pdfTeX for LuaTeX (HO
)

(/usr/share/texlive/texmf-dist/tex/generic/infwarerr/infwarerr.sty
Package: infwarerr 2019/12/03 v1.5 Providing info/warning/error messages (HO)
)
Package pdftexcmds Info: \pdf@primitive is available.
Package pdftexcmds Info: \pdf@ifprimitive is available.
Package pdftexcmds Info: \pdfdraftmode found.
)
(/usr/share/texlive/texmf-dist/tex/latex/graphics/keyval.sty
Package: keyval 2014/10/28 v1.15 key=value parser (DPC)
\KV@toks@=\toks22
)
(/usr/share/texlive/texmf-dist/tex/generic/kvsetkeys/kvsetkeys.sty
Package: kvsetkeys 2019/12/15 v1.18 Key value parser (HO)
)
(/usr/share/texlive/texmf-dist/tex/generic/kvdefinekeys/kvdefinekeys.sty
Package: kvdefinekeys 2019-12-19 v1.6 Define keys (HO)
)
(/usr/share/texlive/texmf-dist/tex/generic/pdfescape/pdfescape.sty
Package: pdfescape 2019/12/09 v1.15 Implements pdfTeX's escape features (HO)
)
(/usr/share/texlive/texmf-dist/tex/latex/hycolor/hycolor.sty
Package: hycolor 2020-01-27 v1.10 Color options for hyperref/bookmark (HO)
)
(/usr/share/texlive/texmf-dist/tex/latex/letltxmacro/letltxmacro.sty
Package: letltxmacro 2019/12/03 v1.6 Let assignment for LaTeX macros (HO)
)
(/usr/share/texlive/texmf-dist/tex/latex/auxhook/auxhook.sty
Package: auxhook 2019-12-17 v1.6 Hooks for auxiliary files (HO)
)
(/usr/share/texlive/texmf-dist/tex/latex/kvoptions/kvoptions.sty
Package: kvoptions 2019/11/29 v3.13 Key value format for package options (HO)
)
\@linkdim=\dimen179
\Hy@linkcounter=\count292
\Hy@pagecounter=\count293

(/usr/share/texlive/texmf-dist/tex/latex/hyperref/pd1enc.def
File: pd1enc.def 2020/01/14 v7.00d Hyperref: PDFDocEncoding definition (HO)
Now handling font encoding PD1 ...
... no UTF-8 mapping file for font encoding PD1
)
(/usr/share/texlive/texmf-dist/tex/generic/intcalc/intcalc.sty
Package: intcalc 2019/12/15 v1.3 Expandable calculations with integers (HO)
)
(/usr/share/texlive/texmf-dist/tex/generic/etexcmds/etexcmds.sty
Package: etexcmds 2019/12/15 v1.7 Avoid name clashes with e-TeX commands (HO)
)
\Hy@SavedSpaceFactor=\count294
\pdfmajorversion=\count295
Package hyperref Info: Hyper figures OFF on input line 4547.
Package hyperref Info: Link nesting OFF on input line 4552.
Package hyperref Info: Hyper index ON on input line 4555.
Package hyperref Info: Plain pages OFF on input line 4562.
Package hyperref Info: Backreferencing OFF on input line 4567.
Package hyperref Info: Implicit mode ON; LaTeX internals redefined.
Package hyperref Info: Bookmarks ON on input line 4800.
\c@Hy@tempcnt=\count296

(/usr/share/texlive/texmf-dist/tex/latex/url/url.sty
\Urlmuskip=\muskip16
Package: url 2013/09/16  ver 3.4  Verb mode for urls, etc.
)
LaTeX Info: Redefining \url on input line 5159.
\XeTeXLinkMargin=\dimen180

(/usr/share/texlive/texmf-dist/tex/generic/bitset/bitset.sty
Package: bitset 2019/12/09 v1.3 Handle bit-vector datatype (HO)

(/usr/share/texlive/texmf-dist/tex/generic/bigintcalc/bigintcalc.sty
Package: bigintcalc 2019/12/15 v1.5 Expandable calculations on big integers (HO
)
))
\Fld@menulength=\count297
\Field@Width=\dimen181
\Fld@charsize=\dimen182
Package hyperref Info: Hyper figures OFF on input line 6430.
Package hyperref Info: Link nesting OFF on input line 6435.
Package hyperref Info: Hyper index ON on input line 6438.
Package hyperref Info: backreferencing OFF on input line 6445.
Package hyperref Info: Link coloring OFF on input line 6450.
Package hyperref Info: Link coloring with OCG OFF on input line 6455.
Package hyperref Info: PDF/A mode OFF on input line 6460.
LaTeX Info: Redefining \ref on input line 6500.
LaTeX Info: Redefining \pageref on input line 6504.

(/usr/share/texlive/texmf-dist/tex/generic/atbegshi/atbegshi.sty
Package: atbegshi 2019/12/05 v1.19 At begin shipout hook (HO)
)
\Hy@abspage=\count298
\c@Item=\count299
\c@Hfootnote=\count300
)
(/usr/share/texlive/texmf-dist/tex/latex/memoir/memhfixc.sty
Package: memhfixc 2019/10/24 v1.18 nameref/hyperref package fixes for memoir cl
ass
\c@memhycontfloat=\count301
\c@Hpagenote=\count302
)
Package hyperref Info: Driver (autodetected): hpdftex.

(/usr/share/texlive/texmf-dist/tex/latex/hyperref/hpdftex.def
File: hpdftex.def 2020/01/14 v7.00d Hyperref driver for pdfTeX

(/usr/share/texlive/texmf-dist/tex/latex/atveryend/atveryend.sty
Package: atveryend 2019-12-11 v1.11 Hooks at the very end of document (HO)
Package atveryend Info: \enddocument detected (standard20110627).
)
\Fld@listcount=\count303
\c@bookmark@seq@number=\count304

(/usr/share/texlive/texmf-dist/tex/latex/rerunfilecheck/rerunfilecheck.sty
Package: rerunfilecheck 2019/12/05 v1.9 Rerun checks for auxiliary files (HO)

(/usr/share/texlive/texmf-dist/tex/generic/uniquecounter/uniquecounter.sty
Package: uniquecounter 2019/12/15 v1.4 Provide unlimited unique counter (HO)
)
Package uniquecounter Info: New unique counter `rerunfilecheck' on input line 2
86.
)
\Hy@SectionHShift=\skip191
)
(/usr/share/texlive/texmf-dist/tex/latex/bookmark/bookmark.sty
Package: bookmark 2019/12/03 v1.28 PDF bookmarks (HO)

(/usr/share/texlive/texmf-dist/tex/latex/bookmark/bkm-pdftex.def
File: bkm-pdftex.def 2019/12/03 v1.28 bookmark driver for pdfTeX (HO)
\BKM@id=\count305
))
(/usr/share/texlive/texmf-dist/tex/generic/babel/babel.sty
Package: babel 2020/02/14 3.40 The Babel package

(/usr/share/texlive/texmf-dist/tex/generic/babel/switch.def
File: switch.def 2020/02/14 3.40 Babel switching mechanism
)
(/usr/share/texlive/texmf-dist/tex/generic/babel-english/english.ldf
Language: english 2017/06/06 v3.3r English support from the babel system

(/usr/share/texlive/texmf-dist/tex/generic/babel/babel.def
File: babel.def 2020/02/14 3.40 Babel common definitions
\babel@savecnt=\count306
\U@D=\dimen183

(/usr/share/texlive/texmf-dist/tex/generic/babel/txtbabel.def)
\bbl@readstream=\read3
\bbl@dirlevel=\count307
)
Package babel Info: \l@british = using hyphenrules for english
(babel)             (\language0) on input line 82.
Package babel Info: \l@UKenglish = using hyphenrules for english
(babel)             (\language0) on input line 83.
Package babel Info: \l@canadian = using hyphenrules for english
(babel)             (\language0) on input line 102.
Package babel Info: \l@australian = using hyphenrules for english
(babel)             (\language0) on input line 105.
Package babel Info: \l@newzealand = using hyphenrules for english
(babel)             (\language0) on input line 108.
)
(/usr/share/texlive/texmf-dist/tex/generic/babel-portuges/portuges.ldf
Language: portuges 2008/03/18 v1.2q Portuguese support from the babel system
Package babel Info: \l@brazil = using hyphenrules for portuguese
(babel)             (\language3) on input line 113.
Package babel Info: Making " an active character on input line 145.
))
(/usr/share/texlive/texmf-dist/tex/latex/enumitem/enumitem.sty
Package: enumitem 2019/06/20 v3.9 Customized lists
\labelindent=\skip192
\enit@outerparindent=\dimen184
\enit@toks=\toks23
\enit@inbox=\box50
\enit@count@id=\count308
\enitdp@description=\count309
)
(/usr/share/texlive/texmf-dist/tex/latex/tools/calc.sty
Package: calc 2017/05/25 v4.3 Infix arithmetic (KKT,FJ)
\calc@Acount=\count310
\calc@Bcount=\count311
\calc@Adimen=\dimen185
\calc@Bdimen=\dimen186
\calc@Askip=\skip193
\calc@Bskip=\skip194
LaTeX Info: Redefining \setlength on input line 80.
LaTeX Info: Redefining \addtolength on input line 81.
\calc@Ccount=\count312
\calc@Cskip=\skip195
)

******************************************************
Stock height and width: 845.04684pt by 597.50787pt
Top and edge trims: 0pt and 0pt
Page height and width: 845.04684pt by 597.50787pt
Text height and width: 704.60031pt by 455pt
Spine and edge margins: 85.35826pt and 56.9055pt
Upper and lower margins: 85.35826pt and 55.08827pt
Headheight and headsep: 13.6pt and 19.8738pt
Footskip: 27.46295pt
Columnsep and columnseprule: 10pt and 0pt
Marginparsep and marginparwidth: 7pt and 42.9055pt
Sidecapsep and sidecapwidth: 7pt and 49pt
Sidebarhsep and sidebarwidth: 7pt and 49pt
Sidebarvsep and sidebartopsep: 13.6pt and 0pt
Sidebarheight: 594.32022pt
Sidefoothsep and sidefootwidth: 7pt and 49pt
Sidefootvsep and sidefootheight: 13.6pt and 594.32022pt
******************************************************

\c@abntex@bookmarkcounter=\count313
\cftlastnumwidth=\skip196
\chapternamenumlength=\skip197
\ABNTEXcitacaorecuo=\skip198
\c@alineasi=\count314
\c@alineasii=\count315
\enitdp@alineas=\count316
\c@subalineasi=\count317
\enitdp@subalineas=\count318
\c@incisosi=\count319
\enitdp@incisos=\count320
\ABNTEXsignwidth=\skip256
\ABNTEXsignthickness=\skip257
\ABNTEXsignskip=\skip258
) (/usr/share/texmf/tex/latex/lm/lmodern.sty
Package: lmodern 2009/10/30 v1.6 Latin Modern Fonts
LaTeX Font Info:    Overwriting symbol font `operators' in version `normal'
(Font)                  OT1/cmr/m/n --> OT1/lmr/m/n on input line 22.
LaTeX Font Info:    Overwriting symbol font `letters' in version `normal'
(Font)                  OML/cmm/m/it --> OML/lmm/m/it on input line 23.
LaTeX Font Info:    Overwriting symbol font `symbols' in version `normal'
(Font)                  OMS/cmsy/m/n --> OMS/lmsy/m/n on input line 24.
LaTeX Font Info:    Overwriting symbol font `largesymbols' in version `normal'
(Font)                  OMX/cmex/m/n --> OMX/lmex/m/n on input line 25.
LaTeX Font Info:    Overwriting symbol font `operators' in version `bold'
(Font)                  OT1/cmr/bx/n --> OT1/lmr/bx/n on input line 26.
LaTeX Font Info:    Overwriting symbol font `letters' in version `bold'
(Font)                  OML/cmm/b/it --> OML/lmm/b/it on input line 27.
LaTeX Font Info:    Overwriting symbol font `symbols' in version `bold'
(Font)                  OMS/cmsy/b/n --> OMS/lmsy/b/n on input line 28.
LaTeX Font Info:    Overwriting symbol font `largesymbols' in version `bold'
(Font)                  OMX/cmex/m/n --> OMX/lmex/m/n on input line 29.
LaTeX Font Info:    Overwriting math alphabet `\mathbf' in version `normal'
(Font)                  OT1/cmr/bx/n --> OT1/lmr/bx/n on input line 31.
LaTeX Font Info:    Overwriting math alphabet `\mathsf' in version `normal'
(Font)                  OT1/cmss/m/n --> OT1/lmss/m/n on input line 32.
LaTeX Font Info:    Overwriting math alphabet `\mathit' in version `normal'
(Font)                  OT1/cmr/m/it --> OT1/lmr/m/it on input line 33.
LaTeX Font Info:    Overwriting math alphabet `\mathtt' in version `normal'
(Font)                  OT1/cmtt/m/n --> OT1/lmtt/m/n on input line 34.
LaTeX Font Info:    Overwriting math alphabet `\mathbf' in version `bold'
(Font)                  OT1/cmr/bx/n --> OT1/lmr/bx/n on input line 35.
LaTeX Font Info:    Overwriting math alphabet `\mathsf' in version `bold'
(Font)                  OT1/cmss/bx/n --> OT1/lmss/bx/n on input line 36.
LaTeX Font Info:    Overwriting math alphabet `\mathit' in version `bold'
(Font)                  OT1/cmr/bx/it --> OT1/lmr/bx/it on input line 37.
LaTeX Font Info:    Overwriting math alphabet `\mathtt' in version `bold'
(Font)                  OT1/cmtt/m/n --> OT1/lmtt/m/n on input line 38.
)
(/usr/share/texlive/texmf-dist/tex/latex/base/fontenc.sty
Package: fontenc 2020/02/11 v2.0o Standard LaTeX package
LaTeX Font Info:    Trying to load font information for T1+lmr on input line 11
2.

(/usr/share/texmf/tex/latex/lm/t1lmr.fd
File: t1lmr.fd 2009/10/30 v1.6 Font defs for Latin Modern
))
(/usr/share/texlive/texmf-dist/tex/latex/base/inputenc.sty
Package: inputenc 2018/08/11 v1.3c Input encoding file
\inpenc@prehook=\toks24
\inpenc@posthook=\toks25
)
(/usr/share/texlive/texmf-dist/tex/latex/tools/indentfirst.sty
Package: indentfirst 1995/11/23 v1.03 Indent first paragraph (DPC)
)
(/usr/share/texlive/texmf-dist/tex/latex/nomencl/nomencl.sty
Package: nomencl 2019/11/23 v5.3 Nomenclature package

(/usr/share/texlive/texmf-dist/tex/latex/xkeyval/xkeyval.sty
Package: xkeyval 2014/12/03 v2.7a package option processing (HA)

(/usr/share/texlive/texmf-dist/tex/generic/xkeyval/xkeyval.tex
(/usr/share/texlive/texmf-dist/tex/generic/xkeyval/xkvutils.tex
\XKV@toks=\toks26
\XKV@tempa@toks=\toks27
)
\XKV@depth=\count321
File: xkeyval.tex 2014/12/03 v2.7a key=value parser (HA)
))
(/usr/share/texlive/texmf-dist/tex/latex/koma-script/tocbasic.sty
Package: tocbasic 2020/01/24 v3.29 KOMA-Script package (handling toc-files)

(/usr/share/texlive/texmf-dist/tex/latex/koma-script/scrbase.sty
Package: scrbase 2020/01/24 v3.29 KOMA-Script package (KOMA-Script-independent 
basics and keyval usage)

(/usr/share/texlive/texmf-dist/tex/latex/koma-script/scrlfile.sty
Package: scrlfile 2020/01/24 v3.29 KOMA-Script package (loading files)
Package scrlfile Info: class `memoir' detected.
(scrlfile)             Using a compatible redefinition of \InputIfFileExists,
(scrlfile)             but always robust and with the fix of the
(scrlfile)             argument order bug even for old versions of the
(scrlfile)             LaTeX kernel on input line 72.
))
\scr@dte@tocline@numberwidth=\skip259
\scr@dte@tocline@numbox=\box51
)
Package tocbasic Info: setting babel extension for `nlo' on input line 163.
Package tocbasic Info: setting babel extension for `nls' on input line 164.
\nomlabelwidth=\dimen187
\nom@tempdim=\dimen188
\nomitemsep=\skip260
)
(/usr/share/texlive/texmf-dist/tex/latex/graphics/color.sty
Package: color 2019/11/23 v1.2a Standard LaTeX Color (DPC)

(/usr/share/texlive/texmf-dist/tex/latex/graphics-cfg/color.cfg
File: color.cfg 2016/01/02 v1.6 sample color configuration
)
Package color Info: Driver file: pdftex.def on input line 147.

(/usr/share/texlive/texmf-dist/tex/latex/graphics-def/pdftex.def
File: pdftex.def 2018/01/08 v1.0l Graphics/color driver for pdftex
))
(/usr/share/texlive/texmf-dist/tex/latex/graphics/graphicx.sty
Package: graphicx 2019/11/30 v1.2a Enhanced LaTeX Graphics (DPC,SPQR)

(/usr/share/texlive/texmf-dist/tex/latex/graphics/graphics.sty
Package: graphics 2019/11/30 v1.4a Standard LaTeX Graphics (DPC,SPQR)

(/usr/share/texlive/texmf-dist/tex/latex/graphics/trig.sty
Package: trig 2016/01/03 v1.10 sin cos tan (DPC)
)
(/usr/share/texlive/texmf-dist/tex/latex/graphics-cfg/graphics.cfg
File: graphics.cfg 2016/06/04 v1.11 sample graphics configuration
)
Package graphics Info: Driver file: pdftex.def on input line 105.
)
\Gin@req@height=\dimen189
\Gin@req@width=\dimen190
)
(/usr/share/texlive/texmf-dist/tex/latex/microtype/microtype.sty
Package: microtype 2019/11/18 v2.7d Micro-typographical refinements (RS)
\MT@toks=\toks28
\MT@count=\count322
LaTeX Info: Redefining \textls on input line 790.
\MT@outer@kern=\dimen191
LaTeX Info: Redefining \textmicrotypecontext on input line 1354.
\MT@listname@count=\count323

(/usr/share/texlive/texmf-dist/tex/latex/microtype/microtype-pdftex.def
File: microtype-pdftex.def 2019/11/18 v2.7d Definitions specific to pdftex (RS)

LaTeX Info: Redefining \lsstyle on input line 914.
LaTeX Info: Redefining \lslig on input line 914.
\MT@outer@space=\skip261
)
Package microtype Info: Loading configuration file microtype.cfg.

(/usr/share/texlive/texmf-dist/tex/latex/microtype/microtype.cfg
File: microtype.cfg 2019/11/18 v2.7d microtype main configuration file (RS)
))
(/usr/share/texlive/texmf-dist/tex/latex/svg/svg.sty
Package: svg 2020/01/13 v2.02e (include SVG pictures)

(/usr/share/texlive/texmf-dist/tex/latex/tools/shellesc.sty
Package: shellesc 2019/11/08 v1.0c unified shell escape interface for LaTeX
Package shellesc Info: Restricted shell escape enabled on input line 77.
)
(/usr/share/texlive/texmf-dist/tex/latex/trimspaces/trimspaces.sty
Package: trimspaces 2009/09/17 v1.1 Trim spaces around a token list
)
\svg@box=\box52
\c@svg@param@lastpage=\count324
\c@svg@param@currpage=\count325
)
(/usr/share/texlive/texmf-dist/tex/latex/xcolor/xcolor.sty
Package: xcolor 2016/05/11 v2.12 LaTeX color extensions (UK)

(/usr/share/texlive/texmf-dist/tex/latex/graphics-cfg/color.cfg
File: color.cfg 2016/01/02 v1.6 sample color configuration
)
Package xcolor Info: Driver file: pdftex.def on input line 225.
LaTeX Info: Redefining \color on input line 709.
Package xcolor Info: Model `cmy' substituted by `cmy0' on input line 1348.
Package xcolor Info: Model `hsb' substituted by `rgb' on input line 1352.
Package xcolor Info: Model `RGB' extended on input line 1364.
Package xcolor Info: Model `HTML' substituted by `rgb' on input line 1366.
Package xcolor Info: Model `Hsb' substituted by `hsb' on input line 1367.
Package xcolor Info: Model `tHsb' substituted by `hsb' on input line 1368.
Package xcolor Info: Model `HSB' substituted by `hsb' on input line 1369.
Package xcolor Info: Model `Gray' substituted by `gray' on input line 1370.
Package xcolor Info: Model `wave' substituted by `hsb' on input line 1371.
)
(/usr/share/texlive/texmf-dist/tex/latex/transparent/transparent.sty
Package: transparent 2019/11/29 v1.4 Transparency via pdfTeX's color stack (HO)

)
(/usr/share/texlive/texmf-dist/tex/latex/caption/subcaption.sty
Package: subcaption 2020/01/22 v1.3d Sub-captions (AR)


Class memoir Warning: For the caption package to function properly with memoir,
 we will now reset\caption and friends to kernel defaults and then let the capt
ion package take over. Remember: all caption configuration now goves via the ca
ption package interface, not the interface from the memoir class. .

(/usr/share/texlive/texmf-dist/tex/latex/caption/caption.sty
Package: caption 2020/01/03 v3.4h Customizing captions (AR)

(/usr/share/texlive/texmf-dist/tex/latex/caption/caption3.sty
Package: caption3 2020/01/03 v1.8h caption3 kernel (AR)
Package caption3 Info: TeX engine: e-TeX on input line 61.
\captionmargin=\dimen192
\captionmargin@=\dimen193
\captionwidth=\dimen194
\caption@tempdima=\dimen195
\caption@indent=\dimen196
\caption@parindent=\dimen197
\caption@hangindent=\dimen198
Package caption Info: memoir document class detected.
)
\c@caption@flags=\count326
\c@continuedfloat=\count327
Package caption Info: hyperref package is loaded.
)
\c@subfigure=\count328
\c@subtable=\count329
)
(/usr/share/texlive/texmf-dist/tex/latex/lipsum/lipsum.sty
(/usr/share/texlive/texmf-dist/tex/latex/l3kernel/expl3.sty
Package: expl3 2020-02-14 L3 programming layer (loader) 

(/usr/share/texlive/texmf-dist/tex/latex/l3backend/l3backend-pdfmode.def
File: l3backend-pdfmode.def 2020-02-03 L3 backend support: PDF mode
\l__kernel_color_stack_int=\count330
\l__pdf_internal_box=\box53
))
(/usr/share/texlive/texmf-dist/tex/latex/l3packages/xparse/xparse.sty
Package: xparse 2020-02-14 L3 Experimental document command parser
\l__xparse_current_arg_int=\count331
\g__xparse_grabber_int=\count332
\l__xparse_m_args_int=\count333
\l__xparse_v_nesting_int=\count334
)
Package: lipsum 2019/01/02 v2.2 150 paragraphs of Lorem Ipsum dummy text

(/usr/share/texlive/texmf-dist/tex/latex/lipsum/lipsum.ltd.tex
File: lipsum.ltd.tex 2019/01/02 v2.2 The Lorem ipsum dummy text
))
(/usr/share/texlive/texmf-dist/tex/latex/hyperref/backref.sty
Package: backref 2020/01/14 v1.40 Bibliographical back referencing
)
(/usr/share/texlive/texmf-dist/tex/latex/abntex2/abntex2cite.sty
Package: abntex2cite 2018/11/24 v-1.9.7 abnTeX2

(/usr/share/texlive/texmf-dist/tex/latex/abntex2/abntex2abrev.sty)
\minimumbiblabelwidth=\skip262
\ABCIauxlen=\skip263
\c@ABCIaux=\count335
\c@ABCImax=\count336

(/usr/share/texlive/texmf-dist/tex/generic/iftex/ifpdf.sty
Package: ifpdf 2019/10/25 v3.4 ifpdf legacy package. Use iftex instead.
)
(/usr/share/texlive/texmf-dist/tex/generic/iftex/ifxetex.sty
Package: ifxetex 2019/10/25 v0.7 ifxetex legacy package. Use iftex instead.
)
(/usr/share/texlive/texmf-dist/tex/latex/relsize/relsize.sty
Package: relsize 2013/03/29 ver 4.1
)
\biblabelsep=\skip264
LaTeX Info: Redefining \newblock on input line 591.
LaTeX Info: Redefining \cite on input line 618.
\ABCItoken=\toks29
)

Package hyperref Warning: Token not allowed in a PDF string (PDFDocEncoding):
(hyperref)                removing `\@ifnextchar' on input line 129.


Package hyperref Warning: Token not allowed in a PDF string (PDFDocEncoding):
(hyperref)                removing `\<let>-command' on input line 129.


Package hyperref Warning: Token not allowed in a PDF string (PDFDocEncoding):
(hyperref)                removing `\<let>-command' on input line 129.


Package hyperref Warning: Token not allowed in a PDF string (PDFDocEncoding):
(hyperref)                removing `\afterassignment' on input line 129.


Package hyperref Warning: Token not allowed in a PDF string (PDFDocEncoding):
(hyperref)                removing `\<let>-command' on input line 129.


Package hyperref Warning: Token not allowed in a PDF string (PDFDocEncoding):
(hyperref)                removing `\<def>-command' on input line 129.


Package hyperref Warning: Token not allowed in a PDF string (PDFDocEncoding):
(hyperref)                removing `\@thanks' on input line 129.


Package hyperref Warning: Token not allowed in a PDF string (PDFDocEncoding):
(hyperref)                removing `\<let>-command' on input line 129.


Package hyperref Warning: Token not allowed in a PDF string (PDFDocEncoding):
(hyperref)                removing `\<let>-command' on input line 129.


Package hyperref Warning: Token not allowed in a PDF string (PDFDocEncoding):
(hyperref)                removing `\afterassignment' on input line 129.


Package hyperref Warning: Token not allowed in a PDF string (PDFDocEncoding):
(hyperref)                removing `\<let>-command' on input line 129.


Package hyperref Warning: Token not allowed in a PDF string (PDFDocEncoding):
(hyperref)                removing `\<def>-command' on input line 129.


Package hyperref Warning: Token not allowed in a PDF string (PDFDocEncoding):
(hyperref)                removing `\@bs@thanks' on input line 129.

Package hyperref Info: Option `colorlinks' set `true' on input line 129.
\main@idxfile=\write4
\openout4 = `main.idx'.

Writing index file main.idx 

******************************************************
Stock height and width: 845.04684pt by 597.50787pt
Top and edge trims: 0pt and 0pt
Page height and width: 845.04684pt by 597.50787pt
Text height and width: 670.8706pt by 426pt
Spine and edge margins: 85.35826pt and 85.35826pt
Upper and lower margins: 85.35826pt and 88.81798pt
Headheight and headsep: 13.6pt and 19.8738pt
Footskip: 27.46295pt
Columnsep and columnseprule: 10pt and 0pt
Marginparsep and marginparwidth: 7pt and 71.35826pt
Sidecapsep and sidecapwidth: 7pt and 49pt
Sidebarhsep and sidebarwidth: 7pt and 49pt
Sidebarvsep and sidebartopsep: 13.6pt and 0pt
Sidebarheight: 594.32022pt
Sidefoothsep and sidefootwidth: 7pt and 49pt
Sidefootvsep and sidefootheight: 13.6pt and 594.32022pt
******************************************************

(./main.aux)
\openout1 = `main.aux'.

LaTeX Font Info:    Checking defaults for OML/cmm/m/it on input line 164.
LaTeX Font Info:    ... okay on input line 164.
LaTeX Font Info:    Checking defaults for OMS/cmsy/m/n on input line 164.
LaTeX Font Info:    ... okay on input line 164.
LaTeX Font Info:    Checking defaults for OT1/cmr/m/n on input line 164.
LaTeX Font Info:    ... okay on input line 164.
LaTeX Font Info:    Checking defaults for T1/cmr/m/n on input line 164.
LaTeX Font Info:    ... okay on input line 164.
LaTeX Font Info:    Checking defaults for TS1/cmr/m/n on input line 164.
LaTeX Font Info:    ... okay on input line 164.
LaTeX Font Info:    Checking defaults for OMX/cmex/m/n on input line 164.
LaTeX Font Info:    ... okay on input line 164.
LaTeX Font Info:    Checking defaults for U/cmr/m/n on input line 164.
LaTeX Font Info:    ... okay on input line 164.
LaTeX Font Info:    Checking defaults for PD1/pdf/m/n on input line 164.
LaTeX Font Info:    ... okay on input line 164.
\AtBeginShipoutBox=\box54
Package hyperref Info: Link coloring ON on input line 164.
 (/usr/share/texlive/texmf-dist/tex/latex/hyperref/nameref.sty
Package: nameref 2019/09/16 v2.46 Cross-referencing by name of section

(/usr/share/texlive/texmf-dist/tex/latex/refcount/refcount.sty
Package: refcount 2019/12/15 v3.6 Data extraction from label references (HO)
)
(/usr/share/texlive/texmf-dist/tex/generic/gettitlestring/gettitlestring.sty
Package: gettitlestring 2019/12/15 v1.6 Cleanup title references (HO)
)
\c@section@level=\count337
)
Redoing nameref's sectioning
Redoing nameref's label
LaTeX Info: Redefining \nameref on input line 164.
LaTeX Info: Redefining \ref on input line 164.
LaTeX Info: Redefining \pageref on input line 164.
LaTeX Info: Redefining \nameref on input line 164.
\myptabbox=\box55
\myptabboxwidth=\skip265
(/usr/share/texlive/texmf-dist/tex/context/base/mkii/supp-pdf.mkii
[Loading MPS to PDF converter (version 2006.09.02).]
\scratchcounter=\count338
\scratchdimen=\dimen256
\scratchbox=\box56
\nofMPsegments=\count339
\nofMParguments=\count340
\everyMPshowfont=\toks30
\MPscratchCnt=\count341
\MPscratchDim=\dimen257
\MPnumerator=\count342
\makeMPintoPDFobject=\count343
\everyMPtoPDFconversion=\toks31
) (/usr/share/texlive/texmf-dist/tex/latex/epstopdf-pkg/epstopdf-base.sty
Package: epstopdf-base 2020-01-24 v2.11 Base part for package epstopdf
Package epstopdf-base Info: Redefining graphics rule for `.eps' on input line 4
85.

(/usr/share/texlive/texmf-dist/tex/latex/latexconfig/epstopdf-sys.cfg
File: epstopdf-sys.cfg 2010/07/13 v1.3 Configuration of (r)epstopdf for TeX Liv
e
))
LaTeX Info: Redefining \microtypecontext on input line 164.
Package microtype Info: Generating PDF output.
Package microtype Info: Character protrusion enabled (level 2).
Package microtype Info: Using default protrusion set `alltext'.
Package microtype Info: Automatic font expansion enabled (level 2),
(microtype)             stretch: 20, shrink: 20, step: 1, non-selected.
Package microtype Info: Using default expansion set `basictext'.
LaTeX Info: Redefining \showhyphens on input line 164.
Package microtype Info: No adjustment of tracking.
Package microtype Info: No adjustment of interword spacing.
Package microtype Info: No adjustment of character kerning.

(/usr/share/texlive/texmf-dist/tex/latex/microtype/mt-cmr.cfg
File: mt-cmr.cfg 2013/05/19 v2.2 microtype config. file: Computer Modern Roman 
(RS)
)
Package caption Info: Begin \AtBeginDocument code.
Package caption Info: End \AtBeginDocument code.
LaTeX Font Info:    Trying to load font information for OT1+lmr on input line 1
87.

(/usr/share/texmf/tex/latex/lm/ot1lmr.fd
File: ot1lmr.fd 2009/10/30 v1.6 Font defs for Latin Modern
)
LaTeX Font Info:    Trying to load font information for OML+lmm on input line 1
87.

(/usr/share/texmf/tex/latex/lm/omllmm.fd
File: omllmm.fd 2009/10/30 v1.6 Font defs for Latin Modern
)
LaTeX Font Info:    Trying to load font information for OMS+lmsy on input line 
187.

(/usr/share/texmf/tex/latex/lm/omslmsy.fd
File: omslmsy.fd 2009/10/30 v1.6 Font defs for Latin Modern
)
LaTeX Font Info:    Trying to load font information for OMX+lmex on input line 
187.

(/usr/share/texmf/tex/latex/lm/omxlmex.fd
File: omxlmex.fd 2009/10/30 v1.6 Font defs for Latin Modern
)
LaTeX Font Info:    External font `lmex10' loaded for size
(Font)              <12> on input line 187.
LaTeX Font Info:    External font `lmex10' loaded for size
(Font)              <8> on input line 187.
LaTeX Font Info:    External font `lmex10' loaded for size
(Font)              <6> on input line 187.
LaTeX Font Info:    Trying to load font information for TS1+lmr on input line 1
87.

(/usr/share/texmf/tex/latex/lm/ts1lmr.fd
File: ts1lmr.fd 2009/10/30 v1.6 Font defs for Latin Modern
)
LaTeX Font Info:    External font `lmex10' loaded for size
(Font)              <9> on input line 187.
LaTeX Font Info:    External font `lmex10' loaded for size
(Font)              <5> on input line 187.
LaTeX Font Info:    Trying to load font information for T1+lmss on input line 2
41.

(/usr/share/texmf/tex/latex/lm/t1lmss.fd
File: t1lmss.fd 2009/10/30 v1.6 Font defs for Latin Modern
)
Package microtype Info: Loading generic protrusion settings for font family
(microtype)             `lmss' (encoding: T1).
(microtype)             For optimal results, create family-specific settings.
(microtype)             See the microtype manual for details.
LaTeX Font Info:    External font `lmex10' loaded for size
(Font)              <10.95> on input line 243.
 [1

{/var/lib/texmf/fonts/map/pdftex/updmap/pdftex.map}]
<fig/scatter_hist01.png, id=33, 828.09375pt x 809.0225pt>
File: fig/scatter_hist01.png Graphic file (type png)
<use fig/scatter_hist01.png>
Package pdftex.def Info: fig/scatter_hist01.png  used on input line 270.
(pdftex.def)             Requested size: 414.04587pt x 404.51027pt.
<fig/scatter_kde01.png, id=35, 828.09375pt x 809.0225pt>
File: fig/scatter_kde01.png Graphic file (type png)
<use fig/scatter_kde01.png>
Package pdftex.def Info: fig/scatter_kde01.png  used on input line 278.
(pdftex.def)             Requested size: 414.04587pt x 404.51027pt.


LaTeX Warning: `!h' float specifier changed to `!ht'.

<fig/scatter_hist02.png, id=36, 804.00375pt x 783.92876pt>
File: fig/scatter_hist02.png Graphic file (type png)
<use fig/scatter_hist02.png>
Package pdftex.def Info: fig/scatter_hist02.png  used on input line 287.
(pdftex.def)             Requested size: 402.0009pt x 391.96342pt.

LaTeX Warning: `!h' float specifier changed to `!ht'.

<fig/scatter_kde02.png, id=37, 804.00375pt x 783.92876pt>
File: fig/scatter_kde02.png Graphic file (type png)
<use fig/scatter_kde02.png>
Package pdftex.def Info: fig/scatter_kde02.png  used on input line 295.
(pdftex.def)             Requested size: 402.0009pt x 391.96342pt.

LaTeX Warning: `!h' float specifier changed to `!ht'.

LaTeX Font Info:    External font `lmex10' loaded for size
(Font)              <10> on input line 304.
LaTeX Font Info:    External font `lmex10' loaded for size
(Font)              <7> on input line 304.

Overfull \hbox (17.02762pt too wide) in paragraph at lines 304--342
 [][] 
 []


LaTeX Warning: `!h' float specifier changed to `!ht'.


LaTeX Warning: No positions in optional float specifier.
               Default added (so using `tbp') on input line 346.

<fig/boxplot.png, id=38, 796.9775pt x 623.32875pt>
File: fig/boxplot.png Graphic file (type png)
<use fig/boxplot.png>
Package pdftex.def Info: fig/boxplot.png  used on input line 393.
(pdftex.def)             Requested size: 398.48776pt x 311.6636pt.

LaTeX Warning: `!h' float specifier changed to `!ht'.

<fig/violin.png, id=39, 815.045pt x 662.475pt>
File: fig/violin.png Graphic file (type png)
<use fig/violin.png>
Package pdftex.def Info: fig/violin.png  used on input line 401.
(pdftex.def)             Requested size: 407.5215pt x 331.2367pt.

LaTeX Warning: `!h' float specifier changed to `!ht'.

[2 <./fig/scatter_hist01.png>] [3 <./fig/scatter_kde01.png>]
LaTeX Font Info:    Trying to load font information for T1+lmtt on input line 4
36.

(/usr/share/texmf/tex/latex/lm/t1lmtt.fd
File: t1lmtt.fd 2009/10/30 v1.6 Font defs for Latin Modern
)
Package microtype Info: Loading generic protrusion settings for font family
(microtype)             `lmtt' (encoding: T1).
(microtype)             For optimal results, create family-specific settings.
(microtype)             See the microtype manual for details.


LaTeX Warning: No positions in optional float specifier.
               Default added (so using `tbp') on input line 440.

[4 <./fig/scatter_hist02.png>]
<fig/knn_cm01.png, id=81, 732.7375pt x 656.4525pt>
File: fig/knn_cm01.png Graphic file (type png)
<use fig/knn_cm01.png>
Package pdftex.def Info: fig/knn_cm01.png  used on input line 461.
(pdftex.def)             Requested size: 366.36786pt x 328.22545pt.


LaTeX Warning: `!h' float specifier changed to `!ht'.

<fig/knn_grid.png, id=83, 805.0075pt x 477.785pt>
File: fig/knn_grid.png Graphic file (type png)
<use fig/knn_grid.png>
Package pdftex.def Info: fig/knn_grid.png  used on input line 471.
(pdftex.def)             Requested size: 402.50278pt x 238.8919pt.

LaTeX Warning: `!h' float specifier changed to `!ht'.


LaTeX Warning: No positions in optional float specifier.
               Default added (so using `tbp') on input line 479.

<fig/knn_cm02.png, id=86, 732.7375pt x 656.4525pt>
File: fig/knn_cm02.png Graphic file (type png)
<use fig/knn_cm02.png>
Package pdftex.def Info: fig/knn_cm02.png  used on input line 498.
(pdftex.def)             Requested size: 366.36786pt x 328.22545pt.

LaTeX Warning: `!h' float specifier changed to `!ht'.

<fig/knn_roc1.png, id=88, 526.96875pt x 371.3875pt>
File: fig/knn_roc1.png Graphic file (type png)
<use fig/knn_roc1.png>
Package pdftex.def Info: fig/knn_roc1.png  used on input line 510.
(pdftex.def)             Requested size: 197.6128pt x 139.26996pt.
<fig/knn_roc2.png, id=89, 526.96875pt x 371.3875pt>
File: fig/knn_roc2.png Graphic file (type png)
<use fig/knn_roc2.png>
Package pdftex.def Info: fig/knn_roc2.png  used on input line 517.
(pdftex.def)             Requested size: 197.6128pt x 139.26996pt.
<fig/knn_roc3.png, id=90, 526.96875pt x 371.3875pt>
File: fig/knn_roc3.png Graphic file (type png)
<use fig/knn_roc3.png>
Package pdftex.def Info: fig/knn_roc3.png  used on input line 524.
(pdftex.def)             Requested size: 197.6128pt x 139.26996pt.
<fig/knn_roc4.png, id=91, 526.96875pt x 371.3875pt>
File: fig/knn_roc4.png Graphic file (type png)
<use fig/knn_roc4.png>
Package pdftex.def Info: fig/knn_roc4.png  used on input line 531.
(pdftex.def)             Requested size: 197.6128pt x 139.26996pt.

LaTeX Warning: No positions in optional float specifier.
               Default added (so using `tbp') on input line 541.

[5 <./fig/scatter_kde02.png>]

LaTeX Warning: No positions in optional float specifier.
               Default added (so using `tbp') on input line 569.

<fig/dt_cm.png, id=108, 732.7375pt x 656.4525pt>
File: fig/dt_cm.png Graphic file (type png)
<use fig/dt_cm.png>
Package pdftex.def Info: fig/dt_cm.png  used on input line 589.
(pdftex.def)             Requested size: 366.36786pt x 328.22545pt.

LaTeX Warning: `!h' float specifier changed to `!ht'.

<fig/dt_roc1.png, id=109, 526.96875pt x 371.3875pt>
File: fig/dt_roc1.png Graphic file (type png)
<use fig/dt_roc1.png>
Package pdftex.def Info: fig/dt_roc1.png  used on input line 599.
(pdftex.def)             Requested size: 197.6128pt x 139.26996pt.
<fig/dt_roc2.png, id=110, 526.96875pt x 371.3875pt>
File: fig/dt_roc2.png Graphic file (type png)
<use fig/dt_roc2.png>
Package pdftex.def Info: fig/dt_roc2.png  used on input line 606.
(pdftex.def)             Requested size: 197.6128pt x 139.26996pt.
<fig/dt_roc3.png, id=111, 526.96875pt x 371.3875pt>
File: fig/dt_roc3.png Graphic file (type png)
<use fig/dt_roc3.png>
Package pdftex.def Info: fig/dt_roc3.png  used on input line 613.
(pdftex.def)             Requested size: 197.6128pt x 139.26996pt.
<fig/dt_roc4.png, id=112, 526.96875pt x 371.3875pt>
File: fig/dt_roc4.png Graphic file (type png)
<use fig/dt_roc4.png>
Package pdftex.def Info: fig/dt_roc4.png  used on input line 620.
(pdftex.def)             Requested size: 197.6128pt x 139.26996pt.

LaTeX Warning: No positions in optional float specifier.
               Default added (so using `tbp') on input line 630.

[6] [7] [8]

LaTeX Warning: No positions in optional float specifier.
               Default added (so using `tbp') on input line 659.

<fig/rf_cm.png, id=136, 732.7375pt x 656.4525pt>
File: fig/rf_cm.png Graphic file (type png)
<use fig/rf_cm.png>
Package pdftex.def Info: fig/rf_cm.png  used on input line 678.
(pdftex.def)             Requested size: 366.36786pt x 328.22545pt.

LaTeX Warning: `!h' float specifier changed to `!ht'.

<fig/rf_roc1.png, id=137, 526.96875pt x 371.3875pt>
File: fig/rf_roc1.png Graphic file (type png)
<use fig/rf_roc1.png>
Package pdftex.def Info: fig/rf_roc1.png  used on input line 689.
(pdftex.def)             Requested size: 197.6128pt x 139.26996pt.
<fig/rf_roc2.png, id=138, 526.96875pt x 371.3875pt>
File: fig/rf_roc2.png Graphic file (type png)
<use fig/rf_roc2.png>
Package pdftex.def Info: fig/rf_roc2.png  used on input line 696.
(pdftex.def)             Requested size: 197.6128pt x 139.26996pt.
<fig/rf_roc3.png, id=139, 526.96875pt x 371.3875pt>
File: fig/rf_roc3.png Graphic file (type png)
<use fig/rf_roc3.png>
Package pdftex.def Info: fig/rf_roc3.png  used on input line 703.
(pdftex.def)             Requested size: 197.6128pt x 139.26996pt.
<fig/rf_roc4.png, id=140, 526.96875pt x 371.3875pt>
File: fig/rf_roc4.png Graphic file (type png)
<use fig/rf_roc4.png>
Package pdftex.def Info: fig/rf_roc4.png  used on input line 710.
(pdftex.def)             Requested size: 197.6128pt x 139.26996pt.
[9 <./fig/boxplot.png>]
<fig/rf_feat.png, id=151, 541.02126pt x 371.3875pt>
File: fig/rf_feat.png Graphic file (type png)
<use fig/rf_feat.png>
Package pdftex.def Info: fig/rf_feat.png  used on input line 722.
(pdftex.def)             Requested size: 378.7123pt x 259.96947pt.


LaTeX Warning: `!h' float specifier changed to `!ht'.


LaTeX Warning: No positions in optional float specifier.
               Default added (so using `tbp') on input line 730.

[10 <./fig/violin.png>] [11 <./fig/knn_cm01.png> <./fig/knn_grid.png>]

LaTeX Warning: No positions in optional float specifier.
               Default added (so using `tbp') on input line 762.

<fig/gb_cm.png, id=171, 732.7375pt x 656.4525pt>
File: fig/gb_cm.png Graphic file (type png)
<use fig/gb_cm.png>
Package pdftex.def Info: fig/gb_cm.png  used on input line 782.
(pdftex.def)             Requested size: 366.36786pt x 328.22545pt.

LaTeX Warning: `!h' float specifier changed to `!ht'.

<fig/gb_roc1.png, id=172, 526.96875pt x 371.3875pt>
File: fig/gb_roc1.png Graphic file (type png)
<use fig/gb_roc1.png>
Package pdftex.def Info: fig/gb_roc1.png  used on input line 794.
(pdftex.def)             Requested size: 197.6128pt x 139.26996pt.
<fig/gb_roc2.png, id=173, 526.96875pt x 371.3875pt>
File: fig/gb_roc2.png Graphic file (type png)
<use fig/gb_roc2.png>
Package pdftex.def Info: fig/gb_roc2.png  used on input line 801.
(pdftex.def)             Requested size: 197.6128pt x 139.26996pt.
<fig/gb_roc3.png, id=174, 526.96875pt x 371.3875pt>
File: fig/gb_roc3.png Graphic file (type png)
<use fig/gb_roc3.png>
Package pdftex.def Info: fig/gb_roc3.png  used on input line 808.
(pdftex.def)             Requested size: 197.6128pt x 139.26996pt.
<fig/gb_roc4.png, id=175, 526.96875pt x 371.3875pt>
File: fig/gb_roc4.png Graphic file (type png)
<use fig/gb_roc4.png>
Package pdftex.def Info: fig/gb_roc4.png  used on input line 815.
(pdftex.def)             Requested size: 197.6128pt x 139.26996pt.

LaTeX Warning: No positions in optional float specifier.
               Default added (so using `tbp') on input line 826.

[12 <./fig/knn_cm02.png>] [13 <./fig/knn_roc1.png> <./fig/knn_roc2.png> <./fig/
knn_roc3.png> <./fig/knn_roc4.png>] [14 <./fig/dt_cm.png>]

LaTeX Warning: No positions in optional float specifier.
               Default added (so using `tbp') on input line 857.

<fig/xgb_cm.png, id=210, 732.7375pt x 656.4525pt>
File: fig/xgb_cm.png Graphic file (type png)
<use fig/xgb_cm.png>
Package pdftex.def Info: fig/xgb_cm.png  used on input line 877.
(pdftex.def)             Requested size: 366.36786pt x 328.22545pt.

LaTeX Warning: `!h' float specifier changed to `!ht'.

<fig/xgb_roc1.png, id=211, 526.96875pt x 371.3875pt>
File: fig/xgb_roc1.png Graphic file (type png)
<use fig/xgb_roc1.png>
Package pdftex.def Info: fig/xgb_roc1.png  used on input line 888.
(pdftex.def)             Requested size: 197.6128pt x 139.26996pt.
<fig/xgb_roc2.png, id=212, 526.96875pt x 371.3875pt>
File: fig/xgb_roc2.png Graphic file (type png)
<use fig/xgb_roc2.png>
Package pdftex.def Info: fig/xgb_roc2.png  used on input line 895.
(pdftex.def)             Requested size: 197.6128pt x 139.26996pt.
<fig/xgb_roc3.png, id=213, 526.96875pt x 371.3875pt>
File: fig/xgb_roc3.png Graphic file (type png)
<use fig/xgb_roc3.png>
Package pdftex.def Info: fig/xgb_roc3.png  used on input line 902.
(pdftex.def)             Requested size: 197.6128pt x 139.26996pt.
<fig/xgb_roc4.png, id=214, 526.96875pt x 371.3875pt>
File: fig/xgb_roc4.png Graphic file (type png)
<use fig/xgb_roc4.png>
Package pdftex.def Info: fig/xgb_roc4.png  used on input line 909.
(pdftex.def)             Requested size: 197.6128pt x 139.26996pt.

LaTeX Warning: No positions in optional float specifier.
               Default added (so using `tbp') on input line 919.

[15 <./fig/dt_roc1.png> <./fig/dt_roc2.png> <./fig/dt_roc3.png> <./fig/dt_roc4.
png>] [16 <./fig/rf_cm.png>]

LaTeX Warning: No positions in optional float specifier.
               Default added (so using `tbp') on input line 950.

<fig/svm_cm.png, id=239, 732.7375pt x 656.4525pt>
File: fig/svm_cm.png Graphic file (type png)
<use fig/svm_cm.png>
Package pdftex.def Info: fig/svm_cm.png  used on input line 970.
(pdftex.def)             Requested size: 366.36786pt x 328.22545pt.

LaTeX Warning: `!h' float specifier changed to `!ht'.

<fig/svm_roc1.png, id=240, 526.96875pt x 371.3875pt>
File: fig/svm_roc1.png Graphic file (type png)
<use fig/svm_roc1.png>
Package pdftex.def Info: fig/svm_roc1.png  used on input line 980.
(pdftex.def)             Requested size: 197.6128pt x 139.26996pt.
<fig/svm_roc2.png, id=241, 526.96875pt x 371.3875pt>
File: fig/svm_roc2.png Graphic file (type png)
<use fig/svm_roc2.png>
Package pdftex.def Info: fig/svm_roc2.png  used on input line 987.
(pdftex.def)             Requested size: 197.6128pt x 139.26996pt.
<fig/svm_roc3.png, id=242, 526.96875pt x 371.3875pt>
File: fig/svm_roc3.png Graphic file (type png)
<use fig/svm_roc3.png>
Package pdftex.def Info: fig/svm_roc3.png  used on input line 994.
(pdftex.def)             Requested size: 197.6128pt x 139.26996pt.
<fig/svm_roc4.png, id=243, 526.96875pt x 371.3875pt>
File: fig/svm_roc4.png Graphic file (type png)
<use fig/svm_roc4.png>
Package pdftex.def Info: fig/svm_roc4.png  used on input line 1001.
(pdftex.def)             Requested size: 197.6128pt x 139.26996pt.

LaTeX Warning: No positions in optional float specifier.
               Default added (so using `tbp') on input line 1011.

<fig/roc1.png, id=246, 826.08624pt x 516.93124pt>
File: fig/roc1.png Graphic file (type png)
<use fig/roc1.png>
Package pdftex.def Info: fig/roc1.png  used on input line 1039.
(pdftex.def)             Requested size: 206.52104pt x 129.23248pt.

Overfull \hbox (4.16844pt too wide) in paragraph at lines 1039--1040
 [][] 
 []

<fig/roc2.png, id=247, 826.08624pt x 516.93124pt>
File: fig/roc2.png Graphic file (type png)
<use fig/roc2.png>
Package pdftex.def Info: fig/roc2.png  used on input line 1046.
(pdftex.def)             Requested size: 206.52104pt x 129.23248pt.

Overfull \hbox (4.16844pt too wide) in paragraph at lines 1046--1047
 [][] 
 []

<fig/roc3.png, id=248, 826.08624pt x 516.93124pt>
File: fig/roc3.png Graphic file (type png)
<use fig/roc3.png>
Package pdftex.def Info: fig/roc3.png  used on input line 1053.
(pdftex.def)             Requested size: 206.52104pt x 129.23248pt.

Overfull \hbox (4.16844pt too wide) in paragraph at lines 1053--1054
 [][] 
 []

<fig/roc4.png, id=249, 826.08624pt x 516.93124pt>
File: fig/roc4.png Graphic file (type png)
<use fig/roc4.png>
Package pdftex.def Info: fig/roc4.png  used on input line 1060.
(pdftex.def)             Requested size: 206.52104pt x 129.23248pt.

Overfull \hbox (4.16844pt too wide) in paragraph at lines 1060--1061
 [][] 
 []

<fig/radarplot.png, id=251, 702.625pt x 451.6875pt>
File: fig/radarplot.png Graphic file (type png)
<use fig/radarplot.png>
Package pdftex.def Info: fig/radarplot.png  used on input line 1072.
(pdftex.def)             Requested size: 351.31163pt x 225.84319pt.

LaTeX Warning: `!h' float specifier changed to `!ht'.

<fig/barplot.png, id=253, 1031.855pt x 447.6725pt>
File: fig/barplot.png Graphic file (type png)
<use fig/barplot.png>
Package pdftex.def Info: fig/barplot.png  used on input line 1082.
(pdftex.def)             Requested size: 412.73468pt x 179.06583pt.

LaTeX Warning: `!h' float specifier changed to `!ht'.

(./main.bbl (./main.brf)
\tf@brf=\write5
\openout5 = `main.brf'.


bibitemlist
[17 <./fig/rf_roc1.png> <./fig/rf_roc2.png> <./fig/rf_roc3.png> <./fig/rf_roc4.
png>]) [18 <./fig/rf_feat.png>] [19 <./fig/gb_cm.png>] [20 <./fig/gb_roc1.png> 
<./fig/gb_roc2.png> <./fig/gb_roc3.png> <./fig/gb_roc4.png>] [21 <./fig/xgb_cm.
png>] [22 <./fig/xgb_roc1.png> <./fig/xgb_roc2.png> <./fig/xgb_roc3.png> <./fig
/xgb_roc4.png>] [23 <./fig/svm_cm.png>] [24 <./fig/svm_roc1.png> <./fig/svm_roc
2.png> <./fig/svm_roc3.png> <./fig/svm_roc4.png>] [25 <./fig/roc1.png> <./fig/r
oc2.png> <./fig/roc3.png> <./fig/roc4.png> <./fig/radarplot.png>] [26 <./fig/ba
rplot.png>]
Package atveryend Info: Empty hook `BeforeClearDocument' on input line 1151.
Package atveryend Info: Empty hook `AfterLastShipout' on input line 1151.
 (./main.aux)
Package atveryend Info: Executing hook `AtVeryEndDocument' on input line 1151.
Package atveryend Info: Executing hook `AtEndAfterFileList' on input line 1151.

Package rerunfilecheck Info: File `main.brf' has not changed.
(rerunfilecheck)             Checksum: FCF6BC9AD19CA085B5938A5ACF9F2538;44.
Package atveryend Info: Empty hook `AtVeryVeryEnd' on input line 1151.
 ) 
Here is how much of TeX's memory you used:
 16894 strings out of 483090
 273589 string characters out of 5963929
 860435 words of memory out of 5000000
 31381 multiletter control sequences out of 15000+600000
 611845 words of font info for 122 fonts, out of 8000000 for 9000
 61 hyphenation exceptions out of 8191
 65i,12n,115p,550b,606s stack positions out of 5000i,500n,10000p,200000b,80000s
{/usr/share/texmf/fonts/enc/dvips/lm/lm-rm.enc}{/usr/share/texmf/fonts/enc/dv
ips/lm/lm-ec.enc}{/usr/share/texmf/fonts/enc/dvips/lm/lm-mathit.enc}{/usr/share
/texmf/fonts/enc/dvips/lm/lm-mathex.enc}{/usr/share/texmf/fonts/enc/dvips/lm/lm
-ts1.enc}{/usr/share/texmf/fonts/enc/dvips/lm/lm-mathsy.enc}</usr/share/texmf/f
onts/type1/public/lm/lmbx10.pfb></usr/share/texmf/fonts/type1/public/lm/lmex10.
pfb></usr/share/texmf/fonts/type1/public/lm/lmmi10.pfb></usr/share/texmf/fonts/
type1/public/lm/lmmi6.pfb></usr/share/texmf/fonts/type1/public/lm/lmmi8.pfb></u
sr/share/texmf/fonts/type1/public/lm/lmr10.pfb></usr/share/texmf/fonts/type1/pu
blic/lm/lmr12.pfb></usr/share/texmf/fonts/type1/public/lm/lmr17.pfb></usr/share
/texmf/fonts/type1/public/lm/lmr6.pfb></usr/share/texmf/fonts/type1/public/lm/l
mr7.pfb></usr/share/texmf/fonts/type1/public/lm/lmr8.pfb></usr/share/texmf/font
s/type1/public/lm/lmr9.pfb></usr/share/texmf/fonts/type1/public/lm/lmri10.pfb><
/usr/share/texmf/fonts/type1/public/lm/lmri12.pfb></usr/share/texmf/fonts/type1
/public/lm/lmss12.pfb></usr/share/texmf/fonts/type1/public/lm/lmsy10.pfb></usr/
share/texmf/fonts/type1/public/lm/lmtt10.pfb>
Output written on main.pdf (26 pages, 2481977 bytes).
PDF statistics:
 455 PDF objects out of 1000 (max. 8388607)
 316 compressed objects within 4 object streams
 84 named destinations out of 1000 (max. 500000)
 30522 words of extra memory for PDF output out of 35830 (max. 10000000)

